<?xml version="1.0" encoding="UTF-8"?>
<!-- Generated by org.testng.reporters.JUnitReportReporter -->
<testsuite hostname="DESKTOP-BKO0T5E" failures="0" tests="1" name="testCase.T01_testNewRegistration" time="2.930" errors="0" timestamp="2024-10-16T15:37:01 IST" skipped="0">
  <testcase classname="testCase.T01_testNewRegistration" name="verify_account_registration" time="2.930"/>
</testsuite> <!-- testCase.T01_testNewRegistration -->
