<?xml version="1.0" encoding="UTF-8"?>
<!-- Generated by org.testng.reporters.JUnitReportReporter -->
<testsuite hostname="DESKTOP-BKO0T5E" failures="0" tests="1" name="testCase.T02_testLogin" time="1.448" errors="0" timestamp="2024-10-15T12:48:10 IST" skipped="0">
  <testcase classname="testCase.T02_testLogin" name="testLogin" time="1.448"/>
</testsuite> <!-- testCase.T02_testLogin -->
